# JRE version: OpenJDK Runtime Environment (17.0.6) (build 17.0.6+0-b2043.56-10027231)
# Java VM: OpenJDK 64-Bit Server VM (17.0.6+0-b2043.56-10027231, mixed mode, tiered, compressed oops, compressed class ptrs, g1 gc, windows-amd64)
GC Precious Log:
 CPUs: 12 total, 12 available
 Memory: 7967M
 Large Page Support: Disabled
 NUMA Support: Disabled
 Compressed Oops: Enabled (32-bit)
 Heap Region Size: 1M
 Heap Min Capacity: 8M
 Heap Initial Capacity: 126M
 Heap Max Capacity: 2G
 Pre-touch: Disabled
 Parallel Workers: 10
 Concurrent Workers: 3
 Concurrent Refinement Workers: 10
 Periodic GC: Disabled
Heap:
 garbage-first heap   total 138240K, used 94711K [0x0000000080000000, 0x0000000100000000)
  region size 1024K, 5 young (5120K), 5 survivors (5120K)
 Metaspace       used 66322K, committed 67008K, reserved 1114112K
  class space    used 8869K, committed 9152K, reserved 1048576K
GC Heap History (20 events):
Event: 3.481 GC heap after
{Heap after GC invocations=13 (full 0):
 garbage-first heap   total 101376K, used 56366K [0x0000000080000000, 0x0000000100000000)
  region size 1024K, 4 young (4096K), 4 survivors (4096K)
 Metaspace       used 42130K, committed 42560K, reserved 1089536K
  class space    used 5627K, committed 5824K, reserved 1048576K
}
Event: 3.774 GC heap before
{Heap before GC invocations=14 (full 0):
 garbage-first heap   total 106496K, used 80942K [0x0000000080000000, 0x0000000100000000)
  region size 1024K, 26 young (26624K), 4 survivors (4096K)
 Metaspace       used 45770K, committed 46144K, reserved 1089536K
  class space    used 6063K, committed 6208K, reserved 1048576K
}
Event: 3.776 GC heap after
{Heap after GC invocations=15 (full 0):
 garbage-first heap   total 128000K, used 57028K [0x0000000080000000, 0x0000000100000000)
  region size 1024K, 2 young (2048K), 2 survivors (2048K)
 Metaspace       used 45770K, committed 46144K, reserved 1089536K
  class space    used 6063K, committed 6208K, reserved 1048576K
}
Event: 3.939 GC heap before
{Heap before GC invocations=15 (full 0):
 garbage-first heap   total 128000K, used 66244K [0x0000000080000000, 0x0000000100000000)
  region size 1024K, 12 young (12288K), 2 survivors (2048K)
 Metaspace       used 46586K, committed 46976K, reserved 1097728K
  class space    used 6195K, committed 6400K, reserved 1048576K
}
Event: 3.942 GC heap after
{Heap after GC invocations=16 (full 0):
 garbage-first heap   total 128000K, used 58590K [0x0000000080000000, 0x0000000100000000)
  region size 1024K, 4 young (4096K), 4 survivors (4096K)
 Metaspace       used 46586K, committed 46976K, reserved 1097728K
  class space    used 6195K, committed 6400K, reserved 1048576K
}
Event: 3.959 GC heap before
{Heap before GC invocations=16 (full 0):
 garbage-first heap   total 128000K, used 61662K [0x0000000080000000, 0x0000000100000000)
  region size 1024K, 5 young (5120K), 4 survivors (4096K)
 Metaspace       used 46586K, committed 46976K, reserved 1097728K
  class space    used 6195K, committed 6400K, reserved 1048576K
}
Event: 3.963 GC heap after
{Heap after GC invocations=17 (full 0):
 garbage-first heap   total 128000K, used 61911K [0x0000000080000000, 0x0000000100000000)
  region size 1024K, 4 young (4096K), 4 survivors (4096K)
 Metaspace       used 46586K, committed 46976K, reserved 1097728K
  class space    used 6195K, committed 6400K, reserved 1048576K
}
Event: 4.126 GC heap before
{Heap before GC invocations=18 (full 0):
 garbage-first heap   total 128000K, used 74199K [0x0000000080000000, 0x0000000100000000)
  region size 1024K, 15 young (15360K), 4 survivors (4096K)
 Metaspace       used 47315K, committed 47744K, reserved 1097728K
  class space    used 6277K, committed 6464K, reserved 1048576K
}
Event: 4.132 GC heap after
{Heap after GC invocations=19 (full 0):
 garbage-first heap   total 128000K, used 67016K [0x0000000080000000, 0x0000000100000000)
  region size 1024K, 4 young (4096K), 4 survivors (4096K)
 Metaspace       used 47315K, committed 47744K, reserved 1097728K
  class space    used 6277K, committed 6464K, reserved 1048576K
}
Event: 4.415 GC heap before
{Heap before GC invocations=20 (full 0):
 garbage-first heap   total 128000K, used 96712K [0x0000000080000000, 0x0000000100000000)
  region size 1024K, 32 young (32768K), 4 survivors (4096K)
 Metaspace       used 49898K, committed 50432K, reserved 1097728K
  class space    used 6559K, committed 6784K, reserved 1048576K
}
Event: 4.420 GC heap after
{Heap after GC invocations=21 (full 0):
 garbage-first heap   total 128000K, used 68671K [0x0000000080000000, 0x0000000100000000)
  region size 1024K, 4 young (4096K), 4 survivors (4096K)
 Metaspace       used 49898K, committed 50432K, reserved 1097728K
  class space    used 6559K, committed 6784K, reserved 1048576K
}
Event: 4.804 GC heap before
{Heap before GC invocations=21 (full 0):
 garbage-first heap   total 128000K, used 97343K [0x0000000080000000, 0x0000000100000000)
  region size 1024K, 32 young (32768K), 4 survivors (4096K)
 Metaspace       used 53200K, committed 53824K, reserved 1097728K
  class space    used 7154K, committed 7424K, reserved 1048576K
}
Event: 4.810 GC heap after
{Heap after GC invocations=22 (full 0):
 garbage-first heap   total 128000K, used 70693K [0x0000000080000000, 0x0000000100000000)
  region size 1024K, 4 young (4096K), 4 survivors (4096K)
 Metaspace       used 53200K, committed 53824K, reserved 1097728K
  class space    used 7154K, committed 7424K, reserved 1048576K
}
Event: 5.390 GC heap before
{Heap before GC invocations=23 (full 0):
 garbage-first heap   total 128000K, used 100389K [0x0000000080000000, 0x0000000100000000)
  region size 1024K, 33 young (33792K), 4 survivors (4096K)
 Metaspace       used 56134K, committed 56832K, reserved 1097728K
  class space    used 7570K, committed 7872K, reserved 1048576K
}
Event: 5.395 GC heap after
{Heap after GC invocations=24 (full 0):
 garbage-first heap   total 128000K, used 73534K [0x0000000080000000, 0x0000000100000000)
  region size 1024K, 5 young (5120K), 5 survivors (5120K)
 Metaspace       used 56134K, committed 56832K, reserved 1097728K
  class space    used 7570K, committed 7872K, reserved 1048576K
}
Event: 6.894 GC heap before
{Heap before GC invocations=24 (full 0):
 garbage-first heap   total 128000K, used 100158K [0x0000000080000000, 0x0000000100000000)
  region size 1024K, 32 young (32768K), 5 survivors (5120K)
 Metaspace       used 62804K, committed 63488K, reserved 1105920K
  class space    used 8408K, committed 8704K, reserved 1048576K
}
Event: 6.901 GC heap after
{Heap after GC invocations=25 (full 0):
 garbage-first heap   total 128000K, used 76599K [0x0000000080000000, 0x0000000100000000)
  region size 1024K, 4 young (4096K), 4 survivors (4096K)
 Metaspace       used 62804K, committed 63488K, reserved 1105920K
  class space    used 8408K, committed 8704K, reserved 1048576K
}
Event: 7.159 GC heap before
{Heap before GC invocations=26 (full 0):
 garbage-first heap   total 138240K, used 94007K [0x0000000080000000, 0x0000000100000000)
  region size 1024K, 23 young (23552K), 4 survivors (4096K)
 Metaspace       used 63144K, committed 63808K, reserved 1105920K
  class space    used 8432K, committed 8704K, reserved 1048576K
}
Event: 7.162 GC heap after
{Heap after GC invocations=27 (full 0):
 garbage-first heap   total 138240K, used 77944K [0x0000000080000000, 0x0000000100000000)
  region size 1024K, 2 young (2048K), 2 survivors (2048K)
 Metaspace       used 63144K, committed 63808K, reserved 1105920K
  class space    used 8432K, committed 8704K, reserved 1048576K
}
Event: 7.678 GC heap before
{Heap before GC invocations=28 (full 0):
 garbage-first heap   total 138240K, used 119928K [0x0000000080000000, 0x0000000100000000)
  region size 1024K, 34 young (34816K), 2 survivors (2048K)
 Metaspace       used 66322K, committed 67008K, reserved 1114112K
  class space    used 8869K, committed 9152K, reserved 1048576K
}

